   1              	 .syntax unified
   2              	 .cpu cortex-m3
   3              	 .fpu softvfp
   4              	 .eabi_attribute 20,1
   5              	 .eabi_attribute 21,1
   6              	 .eabi_attribute 23,3
   7              	 .eabi_attribute 24,1
   8              	 .eabi_attribute 25,1
   9              	 .eabi_attribute 26,1
  10              	 .eabi_attribute 30,1
  11              	 .eabi_attribute 34,1
  12              	 .eabi_attribute 18,4
  13              	 .thumb
  14              	 .file "Eeprom.cc"
  15              	 .text
  16              	.Ltext0:
  17              	 .cfi_sections .debug_frame
  18              	 .section .text._ZN6eeprom14getflashupdateEv,"ax",%progbits
  19              	 .align 2
  20              	 .global _ZN6eeprom14getflashupdateEv
  21              	 .thumb
  22              	 .thumb_func
  24              	_ZN6eeprom14getflashupdateEv:
  25              	.LFB55:
  26              	 .file 1 "src/MightyBoard/shared/Eeprom.cc"
   1:src/MightyBoard/shared/Eeprom.cc **** #include "Eeprom.hh"
   2:src/MightyBoard/shared/Eeprom.cc **** #include "EepromMap.hh"
   3:src/MightyBoard/shared/Eeprom.cc **** 
   4:src/MightyBoard/shared/Eeprom.cc **** #include "Version.hh"
   5:src/MightyBoard/shared/Eeprom.cc **** //#include <avr/eeprom.h>
   6:src/MightyBoard/shared/Eeprom.cc **** 
   7:src/MightyBoard/shared/Eeprom.cc **** extern "C" {
   8:src/MightyBoard/shared/Eeprom.cc **** #include "comm.h"
   9:src/MightyBoard/shared/Eeprom.cc **** }
  10:src/MightyBoard/shared/Eeprom.cc **** 
  11:src/MightyBoard/shared/Eeprom.cc **** namespace eeprom {
  12:src/MightyBoard/shared/Eeprom.cc **** 
  13:src/MightyBoard/shared/Eeprom.cc **** volatile bool flash_updated;
  14:src/MightyBoard/shared/Eeprom.cc **** 
  15:src/MightyBoard/shared/Eeprom.cc **** bool getflashupdate(void){
  27              	 .loc 1 15 0
  28              	 .cfi_startproc
  29              	 
  30              	 
  31              	 
  16:src/MightyBoard/shared/Eeprom.cc **** 	return flash_updated;
  32              	 .loc 1 16 0
  33 0000 40F20003 	 movw r3,#:lower16:.LANCHOR0
  34 0004 C0F20003 	 movt r3,#:upper16:.LANCHOR0
  35 0008 1878     	 ldrb r0,[r3,#0]
  17:src/MightyBoard/shared/Eeprom.cc **** }
  36              	 .loc 1 17 0
  37 000a 7047     	 bx lr
  38              	 .cfi_endproc
  39              	.LFE55:
  41              	 .section .text._ZN6eeprom16clearflashupdateEv,"ax",%progbits
  42              	 .align 2
  43              	 .global _ZN6eeprom16clearflashupdateEv
  44              	 .thumb
  45              	 .thumb_func
  47              	_ZN6eeprom16clearflashupdateEv:
  48              	.LFB56:
  18:src/MightyBoard/shared/Eeprom.cc **** 
  19:src/MightyBoard/shared/Eeprom.cc **** void clearflashupdate(void){
  49              	 .loc 1 19 0
  50              	 .cfi_startproc
  51              	 
  52              	 
  53              	 
  20:src/MightyBoard/shared/Eeprom.cc **** 	flash_updated = false;
  54              	 .loc 1 20 0
  55 0000 40F20003 	 movw r3,#:lower16:.LANCHOR0
  56 0004 C0F20003 	 movt r3,#:upper16:.LANCHOR0
  57 0008 4FF00002 	 mov r2,#0
  58 000c 1A70     	 strb r2,[r3,#0]
  21:src/MightyBoard/shared/Eeprom.cc **** }
  59              	 .loc 1 21 0
  60 000e 7047     	 bx lr
  61              	 .cfi_endproc
  62              	.LFE56:
  64              	 .section .text._ZN6eeprom10getEeprom8Eth,"ax",%progbits
  65              	 .align 2
  66              	 .global _ZN6eeprom10getEeprom8Eth
  67              	 .thumb
  68              	 .thumb_func
  70              	_ZN6eeprom10getEeprom8Eth:
  71              	.LFB58:
  22:src/MightyBoard/shared/Eeprom.cc **** 
  23:src/MightyBoard/shared/Eeprom.cc **** /**
  24:src/MightyBoard/shared/Eeprom.cc ****  * if the EEPROM is initalized and matches firmware version, exit
  25:src/MightyBoard/shared/Eeprom.cc ****  * if the EEPROM is not initalized, write defaults, and set a new version
  26:src/MightyBoard/shared/Eeprom.cc ****  * if the EEPROM is initalized but is not the current version, re-write the version number
  27:src/MightyBoard/shared/Eeprom.cc ****  */
  28:src/MightyBoard/shared/Eeprom.cc **** void init() {
  29:src/MightyBoard/shared/Eeprom.cc **** 	read_all_from_flash();
  30:src/MightyBoard/shared/Eeprom.cc **** 	uint8_t prom_version[2];
  31:src/MightyBoard/shared/Eeprom.cc **** 	prom_version[0] = getEeprom8(eeprom_offsets::VERSION_LOW, 0);
  32:src/MightyBoard/shared/Eeprom.cc **** 	prom_version[1] = getEeprom8(eeprom_offsets::VERSION_HIGH, 0);
  33:src/MightyBoard/shared/Eeprom.cc **** //	eeprom_read_block(prom_version,(const uint8_t*)eeprom_offsets::VERSION_LOW,2);
  34:src/MightyBoard/shared/Eeprom.cc **** 	if ((prom_version[1]*100+prom_version[0]) == firmware_version)
  35:src/MightyBoard/shared/Eeprom.cc **** 		return;
  36:src/MightyBoard/shared/Eeprom.cc **** 
  37:src/MightyBoard/shared/Eeprom.cc **** 	/// if our eeprom is empty (version is still FF, ie unwritten)
  38:src/MightyBoard/shared/Eeprom.cc **** 	if (prom_version[1] == 0xff || prom_version[1] < 2) {
  39:src/MightyBoard/shared/Eeprom.cc **** 		fullResetEEPROM();
  40:src/MightyBoard/shared/Eeprom.cc ****             //setDefaults();
  41:src/MightyBoard/shared/Eeprom.cc **** 	}
  42:src/MightyBoard/shared/Eeprom.cc **** 
  43:src/MightyBoard/shared/Eeprom.cc **** 	//Update eeprom version # to match current firmware version
  44:src/MightyBoard/shared/Eeprom.cc **** 	prom_version[0] = firmware_version % 100;
  45:src/MightyBoard/shared/Eeprom.cc **** 	prom_version[1] = firmware_version / 100;
  46:src/MightyBoard/shared/Eeprom.cc **** 	for (uint8_t i=0; i<2;i++) {
  47:src/MightyBoard/shared/Eeprom.cc **** 		setEeprom8(eeprom_offsets::VERSION_LOW + i, prom_version[i]);
  48:src/MightyBoard/shared/Eeprom.cc **** 	}
  49:src/MightyBoard/shared/Eeprom.cc **** //	xprintf("%x" " (%s:%d)\n",eeprom_address(EEPROM_START_ADDRESS, eeprom_offsets::VERSION_LOW),_F_,
  50:src/MightyBoard/shared/Eeprom.cc **** //	xprintf("%x" " (%s:%d)\n",eeprom_address(EEPROM_START_ADDRESS, eeprom_offsets::VERSION_HIGH),_F_
  51:src/MightyBoard/shared/Eeprom.cc **** //	eeprom_write_block(prom_version,(uint8_t*)eeprom_offsets::VERSION_LOW,2);
  52:src/MightyBoard/shared/Eeprom.cc **** 	//Update XHomeOffsets to update incorrect settings for single/dual machines
  53:src/MightyBoard/shared/Eeprom.cc **** 	setDefaultAxisHomePositions(); //:FAR:Q: do we need to do this here?
  54:src/MightyBoard/shared/Eeprom.cc **** //	save_to_flash();
  55:src/MightyBoard/shared/Eeprom.cc **** }
  56:src/MightyBoard/shared/Eeprom.cc **** 
  57:src/MightyBoard/shared/Eeprom.cc **** uint8_t getEeprom8(const uint16_t location, const uint8_t default_value) {
  72              	 .loc 1 57 0
  73              	 .cfi_startproc
  74              	 
  75              	 
  76              	.LVL0:
  77 0000 38B5     	 push {r3,r4,r5,lr}
  78              	.LCFI0:
  79              	 .cfi_def_cfa_offset 16
  80              	 .cfi_offset 14,-4
  81              	 .cfi_offset 5,-8
  82              	 .cfi_offset 4,-12
  83              	 .cfi_offset 3,-16
  84 0002 0446     	 mov r4,r0
  85 0004 0D46     	 mov r5,r1
  86              	.LBB2:
  58:src/MightyBoard/shared/Eeprom.cc ****         uint8_t data;
  59:src/MightyBoard/shared/Eeprom.cc ****         /// TODO: why not just use eeprom_read_byte?
  60:src/MightyBoard/shared/Eeprom.cc **** 		if (location < 0 || location >= eeprom_info::EEPROM_SIZE){
  87              	 .loc 1 60 0
  88 0006 B0F5006F 	 cmp r0,#2048
  89 000a 0FD3     	 bcc .L4
  61:src/MightyBoard/shared/Eeprom.cc **** 			xprintf("Start Address:%x Hex written:0x\%x char written:%c" "\n",EEPROM_START_ADDRESS + (locati
  90              	 .loc 1 61 0
  91 000c 00F18061 	 add r1,r0,#67108864
  92              	.LVL1:
  93 0010 01F5E051 	 add r1,r1,#7168
  94 0014 4FEA8101 	 lsl r1,r1,#2
  95 0018 0A68     	 ldr r2,[r1,#0]
  96 001a 0B68     	 ldr r3,[r1,#0]
  97 001c 40F20000 	 movw r0,#:lower16:.LC0
  98              	.LVL2:
  99 0020 C0F20000 	 movt r0,#:upper16:.LC0
 100 0024 D2B2     	 uxtb r2,r2
 101 0026 DBB2     	 uxtb r3,r3
 102 0028 FFF7FEFF 	 bl xprintf
 103              	.L4:
  62:src/MightyBoard/shared/Eeprom.cc **** 		}
  63:src/MightyBoard/shared/Eeprom.cc ****     	data = (uint8_t)eeprom_address(EEPROM_START_ADDRESS, location);
 104              	 .loc 1 63 0
 105 002c 04F18064 	 add r4,r4,#67108864
 106 0030 04F5E054 	 add r4,r4,#7168
 107 0034 4FEA8404 	 lsl r4,r4,#2
 108 0038 2068     	 ldr r0,[r4,#0]
 109 003a C0B2     	 uxtb r0,r0
 110              	.LVL3:
 111              	.LBE2:
  64:src/MightyBoard/shared/Eeprom.cc ****     	if (data == 0xff) data = default_value;
  65:src/MightyBoard/shared/Eeprom.cc **** //        eeprom_read_block(&data,(const uint8_t*)location,1);
  66:src/MightyBoard/shared/Eeprom.cc **** //        if (data == 0xff) data = default_value;
  67:src/MightyBoard/shared/Eeprom.cc ****         return data;
  68:src/MightyBoard/shared/Eeprom.cc **** }
 112              	 .loc 1 68 0
 113 003c FF28     	 cmp r0,#255
 114 003e 08BF     	 it eq
 115 0040 2846     	 moveq r0,r5
 116              	.LVL4:
 117 0042 38BD     	 pop {r3,r4,r5,pc}
 118              	 .cfi_endproc
 119              	.LFE58:
 121              	 .section .text._ZN6eeprom10setEeprom8Eth,"ax",%progbits
 122              	 .align 2
 123              	 .global _ZN6eeprom10setEeprom8Eth
 124              	 .thumb
 125              	 .thumb_func
 127              	_ZN6eeprom10setEeprom8Eth:
 128              	.LFB59:
  69:src/MightyBoard/shared/Eeprom.cc **** 
  70:src/MightyBoard/shared/Eeprom.cc **** void setEeprom8(const uint16_t location, const uint8_t set_value) {
 129              	 .loc 1 70 0
 130              	 .cfi_startproc
 131              	 
 132              	 
 133              	.LVL5:
 134 0000 38B5     	 push {r3,r4,r5,lr}
 135              	.LCFI1:
 136              	 .cfi_def_cfa_offset 16
 137              	 .cfi_offset 14,-4
 138              	 .cfi_offset 5,-8
 139              	 .cfi_offset 4,-12
 140              	 .cfi_offset 3,-16
 141 0002 0446     	 mov r4,r0
 142 0004 0D46     	 mov r5,r1
  71:src/MightyBoard/shared/Eeprom.cc ****         /// TODO: why not just use eeprom_read_byte?
  72:src/MightyBoard/shared/Eeprom.cc **** 		if (location < 0 || location >= eeprom_info::EEPROM_SIZE){
 143              	 .loc 1 72 0
 144 0006 B0F5006F 	 cmp r0,#2048
 145 000a 0FD3     	 bcc .L8
  73:src/MightyBoard/shared/Eeprom.cc **** 			xprintf("Start Address:%x Hex written:0x\%x char written:%c" "\n",EEPROM_START_ADDRESS + (locati
 146              	 .loc 1 73 0
 147 000c 00F18061 	 add r1,r0,#67108864
 148              	.LVL6:
 149 0010 01F5E051 	 add r1,r1,#7168
 150 0014 4FEA8101 	 lsl r1,r1,#2
 151 0018 0A68     	 ldr r2,[r1,#0]
 152 001a 0B68     	 ldr r3,[r1,#0]
 153 001c 40F20000 	 movw r0,#:lower16:.LC0
 154              	.LVL7:
 155 0020 C0F20000 	 movt r0,#:upper16:.LC0
 156 0024 D2B2     	 uxtb r2,r2
 157 0026 DBB2     	 uxtb r3,r3
 158 0028 FFF7FEFF 	 bl xprintf
 159              	.L8:
  74:src/MightyBoard/shared/Eeprom.cc **** 		}
  75:src/MightyBoard/shared/Eeprom.cc ****     	eeprom_address(EEPROM_START_ADDRESS, location) = set_value;
 160              	 .loc 1 75 0
 161 002c 04F18064 	 add r4,r4,#67108864
 162 0030 04F5E054 	 add r4,r4,#7168
 163 0034 4FEA8404 	 lsl r4,r4,#2
 164 0038 2560     	 str r5,[r4,#0]
  76:src/MightyBoard/shared/Eeprom.cc ****     	flash_updated = true;
 165              	 .loc 1 76 0
 166 003a 40F20003 	 movw r3,#:lower16:.LANCHOR0
 167 003e C0F20003 	 movt r3,#:upper16:.LANCHOR0
 168 0042 4FF00102 	 mov r2,#1
 169 0046 1A70     	 strb r2,[r3,#0]
  77:src/MightyBoard/shared/Eeprom.cc **** }
 170              	 .loc 1 77 0
 171 0048 38BD     	 pop {r3,r4,r5,pc}
 172              	 .cfi_endproc
 173              	.LFE59:
 175 004a 00BF     	 .section .text._ZN6eeprom4initEv,"ax",%progbits
 176              	 .align 2
 177              	 .global _ZN6eeprom4initEv
 178              	 .thumb
 179              	 .thumb_func
 181              	_ZN6eeprom4initEv:
 182              	.LFB57:
  28:src/MightyBoard/shared/Eeprom.cc **** void init() {
 183              	 .loc 1 28 0
 184              	 .cfi_startproc
 185              	 
 186              	 
 187 0000 10B5     	 push {r4,lr}
 188              	.LCFI2:
 189              	 .cfi_def_cfa_offset 8
 190              	 .cfi_offset 14,-4
 191              	 .cfi_offset 4,-8
 192 0002 82B0     	 sub sp,sp,#8
 193              	.LCFI3:
 194              	 .cfi_def_cfa_offset 16
 195              	.LBB3:
  29:src/MightyBoard/shared/Eeprom.cc **** 	read_all_from_flash();
 196              	 .loc 1 29 0
 197 0004 FFF7FEFF 	 bl _ZN6eeprom19read_all_from_flashEv
  31:src/MightyBoard/shared/Eeprom.cc **** 	prom_version[0] = getEeprom8(eeprom_offsets::VERSION_LOW, 0);
 198              	 .loc 1 31 0
 199 0008 4FF00000 	 mov r0,#0
 200 000c 0146     	 mov r1,r0
 201 000e FFF7FEFF 	 bl _ZN6eeprom10getEeprom8Eth
 202 0012 0446     	 mov r4,r0
  32:src/MightyBoard/shared/Eeprom.cc **** 	prom_version[1] = getEeprom8(eeprom_offsets::VERSION_HIGH, 0);
 203              	 .loc 1 32 0
 204 0014 4FF00100 	 mov r0,#1
 205 0018 4FF00001 	 mov r1,#0
 206 001c FFF7FEFF 	 bl _ZN6eeprom10getEeprom8Eth
  34:src/MightyBoard/shared/Eeprom.cc **** 	if ((prom_version[1]*100+prom_version[0]) == firmware_version)
 207              	 .loc 1 34 0
 208 0020 4FF06403 	 mov r3,#100
 209 0024 03FB0044 	 mla r4,r3,r0,r4
 210 0028 40F22B23 	 movw r3,#555
 211 002c 9C42     	 cmp r4,r3
 212 002e 1AD0     	 beq .L9
  38:src/MightyBoard/shared/Eeprom.cc **** 	if (prom_version[1] == 0xff || prom_version[1] < 2) {
 213              	 .loc 1 38 0
 214 0030 A0F10200 	 sub r0,r0,#2
 215 0034 C0B2     	 uxtb r0,r0
 216 0036 FC28     	 cmp r0,#252
 217 0038 01D9     	 bls .L11
  39:src/MightyBoard/shared/Eeprom.cc **** 		fullResetEEPROM();
 218              	 .loc 1 39 0
 219 003a FFF7FEFF 	 bl _ZN6eeprom15fullResetEEPROMEv
 220              	.L11:
  44:src/MightyBoard/shared/Eeprom.cc **** 	prom_version[0] = firmware_version % 100;
 221              	 .loc 1 44 0
 222 003e 4FF03701 	 mov r1,#55
 223 0042 8DF80410 	 strb r1,[sp,#4]
  45:src/MightyBoard/shared/Eeprom.cc **** 	prom_version[1] = firmware_version / 100;
 224              	 .loc 1 45 0
 225 0046 4FF00503 	 mov r3,#5
 226 004a 8DF80530 	 strb r3,[sp,#5]
 227              	.LVL8:
 228              	.LBB4:
  47:src/MightyBoard/shared/Eeprom.cc **** 		setEeprom8(eeprom_offsets::VERSION_LOW + i, prom_version[i]);
 229              	 .loc 1 47 0
 230 004e 4FF00000 	 mov r0,#0
 231 0052 FFF7FEFF 	 bl _ZN6eeprom10setEeprom8Eth
 232              	.LVL9:
 233 0056 4FF00100 	 mov r0,#1
 234 005a 9DF80510 	 ldrb r1,[sp,#5]
 235 005e FFF7FEFF 	 bl _ZN6eeprom10setEeprom8Eth
 236              	.LVL10:
 237              	.LBE4:
  53:src/MightyBoard/shared/Eeprom.cc **** 	setDefaultAxisHomePositions(); //:FAR:Q: do we need to do this here?
 238              	 .loc 1 53 0
 239 0062 FFF7FEFF 	 bl _ZN6eeprom27setDefaultAxisHomePositionsEv
 240              	.LVL11:
 241              	.L9:
 242              	.LBE3:
  55:src/MightyBoard/shared/Eeprom.cc **** }
 243              	 .loc 1 55 0
 244 0066 02B0     	 add sp,sp,#8
 245 0068 10BD     	 pop {r4,pc}
 246              	 .cfi_endproc
 247              	.LFE57:
 249 006a 00BF     	 .section .text._ZN6eeprom11getEeprom16Ett,"ax",%progbits
 250              	 .align 2
 251              	 .global _ZN6eeprom11getEeprom16Ett
 252              	 .thumb
 253              	 .thumb_func
 255              	_ZN6eeprom11getEeprom16Ett:
 256              	.LFB60:
  78:src/MightyBoard/shared/Eeprom.cc **** 
  79:src/MightyBoard/shared/Eeprom.cc **** uint16_t getEeprom16(const uint16_t location, const uint16_t default_value) {
 257              	 .loc 1 79 0
 258              	 .cfi_startproc
 259              	 
 260              	 
 261              	.LVL12:
 262 0000 70B5     	 push {r4,r5,r6,lr}
 263              	.LCFI4:
 264              	 .cfi_def_cfa_offset 16
 265              	 .cfi_offset 14,-4
 266              	 .cfi_offset 6,-8
 267              	 .cfi_offset 5,-12
 268              	 .cfi_offset 4,-16
 269 0002 0546     	 mov r5,r0
 270 0004 0E46     	 mov r6,r1
 271              	.LBB5:
  80:src/MightyBoard/shared/Eeprom.cc **** 	uint16_t data =	getEeprom8(location, 0);
 272              	 .loc 1 80 0
 273 0006 4FF00001 	 mov r1,#0
 274              	.LVL13:
 275 000a FFF7FEFF 	 bl _ZN6eeprom10getEeprom8Eth
 276              	.LVL14:
 277 000e 0446     	 mov r4,r0
 278              	.LVL15:
  81:src/MightyBoard/shared/Eeprom.cc **** 	data |= getEeprom8(location+1, 0)<<8;
 279              	 .loc 1 81 0
 280 0010 05F10100 	 add r0,r5,#1
 281              	.LVL16:
 282 0014 80B2     	 uxth r0,r0
 283 0016 4FF00001 	 mov r1,#0
 284 001a FFF7FEFF 	 bl _ZN6eeprom10getEeprom8Eth
 285 001e 44EA0020 	 orr r0,r4,r0,lsl#8
 286              	.LVL17:
  82:src/MightyBoard/shared/Eeprom.cc ****         /// TODO: why not just use eeprom_read_word?
  83:src/MightyBoard/shared/Eeprom.cc ****     	if (data == 0xffff) data = default_value;
 287              	 .loc 1 83 0
 288 0022 80B2     	 uxth r0,r0
 289              	.LVL18:
 290              	.LBE5:
  84:src/MightyBoard/shared/Eeprom.cc **** //        eeprom_read_block(&data,(const uint8_t*)location,2);
  85:src/MightyBoard/shared/Eeprom.cc **** //        if (data == 0xffff) data = default_value;
  86:src/MightyBoard/shared/Eeprom.cc **** //    	xprintf("getEeprom16" " (%s:%d)\n",_F_,_L_);
  87:src/MightyBoard/shared/Eeprom.cc **** //    	xprintf("%x" " (%s:%d)\n",data,_F_,_L_);
  88:src/MightyBoard/shared/Eeprom.cc ****         return data;
  89:src/MightyBoard/shared/Eeprom.cc **** }
 291              	 .loc 1 89 0
 292 0024 4FF6FF73 	 movw r3,#65535
 293 0028 9842     	 cmp r0,r3
 294 002a 08BF     	 it eq
 295 002c 3046     	 moveq r0,r6
 296              	.LVL19:
 297 002e 70BD     	 pop {r4,r5,r6,pc}
 298              	 .cfi_endproc
 299              	.LFE60:
 301              	 .section .text._ZN6eeprom11setEeprom16Ett,"ax",%progbits
 302              	 .align 2
 303              	 .global _ZN6eeprom11setEeprom16Ett
 304              	 .thumb
 305              	 .thumb_func
 307              	_ZN6eeprom11setEeprom16Ett:
 308              	.LFB61:
  90:src/MightyBoard/shared/Eeprom.cc **** 
  91:src/MightyBoard/shared/Eeprom.cc **** void setEeprom16(const uint16_t location, const uint16_t set_value) {
 309              	 .loc 1 91 0
 310              	 .cfi_startproc
 311              	 
 312              	 
 313              	.LVL20:
 314 0000 38B5     	 push {r3,r4,r5,lr}
 315              	.LCFI5:
 316              	 .cfi_def_cfa_offset 16
 317              	 .cfi_offset 14,-4
 318              	 .cfi_offset 5,-8
 319              	 .cfi_offset 4,-12
 320              	 .cfi_offset 3,-16
 321 0002 0546     	 mov r5,r0
 322 0004 0C46     	 mov r4,r1
  92:src/MightyBoard/shared/Eeprom.cc **** 	setEeprom8(location, set_value&0xff);
 323              	 .loc 1 92 0
 324 0006 C9B2     	 uxtb r1,r1
 325              	.LVL21:
 326 0008 FFF7FEFF 	 bl _ZN6eeprom10setEeprom8Eth
 327              	.LVL22:
  93:src/MightyBoard/shared/Eeprom.cc **** 	setEeprom8(location+1, set_value>>8);
 328              	 .loc 1 93 0
 329 000c 05F10100 	 add r0,r5,#1
 330 0010 80B2     	 uxth r0,r0
 331 0012 4FEA1421 	 lsr r1,r4,#8
 332 0016 FFF7FEFF 	 bl _ZN6eeprom10setEeprom8Eth
  94:src/MightyBoard/shared/Eeprom.cc **** }
 333              	 .loc 1 94 0
 334 001a 38BD     	 pop {r3,r4,r5,pc}
 335              	 .cfi_endproc
 336              	.LFE61:
 338              	 .section .text._ZN6eeprom11getEeprom32Etm,"ax",%progbits
 339              	 .align 2
 340              	 .global _ZN6eeprom11getEeprom32Etm
 341              	 .thumb
 342              	 .thumb_func
 344              	_ZN6eeprom11getEeprom32Etm:
 345              	.LFB62:
  95:src/MightyBoard/shared/Eeprom.cc **** 
  96:src/MightyBoard/shared/Eeprom.cc **** uint32_t getEeprom32(const uint16_t location, const uint32_t default_value) {
 346              	 .loc 1 96 0
 347              	 .cfi_startproc
 348              	 
 349              	 
 350              	.LVL23:
 351 0000 70B5     	 push {r4,r5,r6,lr}
 352              	.LCFI6:
 353              	 .cfi_def_cfa_offset 16
 354              	 .cfi_offset 14,-4
 355              	 .cfi_offset 6,-8
 356              	 .cfi_offset 5,-12
 357              	 .cfi_offset 4,-16
 358 0002 0546     	 mov r5,r0
 359 0004 0E46     	 mov r6,r1
 360              	.LBB6:
  97:src/MightyBoard/shared/Eeprom.cc **** 	uint32_t data =	getEeprom16(location, 0);
 361              	 .loc 1 97 0
 362 0006 4FF00001 	 mov r1,#0
 363              	.LVL24:
 364 000a FFF7FEFF 	 bl _ZN6eeprom11getEeprom16Ett
 365              	.LVL25:
 366 000e 0446     	 mov r4,r0
 367              	.LVL26:
  98:src/MightyBoard/shared/Eeprom.cc **** 	data |= getEeprom8(location+2, 0)<<8;
 368              	 .loc 1 98 0
 369 0010 05F10200 	 add r0,r5,#2
 370              	.LVL27:
 371 0014 80B2     	 uxth r0,r0
 372 0016 4FF00001 	 mov r1,#0
 373 001a FFF7FEFF 	 bl _ZN6eeprom10getEeprom8Eth
 374 001e 44EA0020 	 orr r0,r4,r0,lsl#8
 375              	.LVL28:
 376              	.LBE6:
  99:src/MightyBoard/shared/Eeprom.cc **** //	uint32_t data = eeprom_read_dword((const uint32_t*)location);
 100:src/MightyBoard/shared/Eeprom.cc ****         if (data == 0xffffffff) return default_value;
 101:src/MightyBoard/shared/Eeprom.cc **** //    	xprintf("getEeprom32" " (%s:%d)\n",_F_,_L_);
 102:src/MightyBoard/shared/Eeprom.cc **** //    	xprintf("%x" " (%s:%d)\n",data,_F_,_L_);
 103:src/MightyBoard/shared/Eeprom.cc ****         return data;
 104:src/MightyBoard/shared/Eeprom.cc **** }
 377              	 .loc 1 104 0
 378 0022 B0F1FF3F 	 cmp r0,#-1
 379 0026 08BF     	 it eq
 380 0028 3046     	 moveq r0,r6
 381              	.LVL29:
 382 002a 70BD     	 pop {r4,r5,r6,pc}
 383              	 .cfi_endproc
 384              	.LFE62:
 386              	 .section .text._ZN6eeprom11setEeprom32Etm,"ax",%progbits
 387              	 .align 2
 388              	 .global _ZN6eeprom11setEeprom32Etm
 389              	 .thumb
 390              	 .thumb_func
 392              	_ZN6eeprom11setEeprom32Etm:
 393              	.LFB63:
 105:src/MightyBoard/shared/Eeprom.cc **** 
 106:src/MightyBoard/shared/Eeprom.cc **** void setEeprom32(const uint16_t location, const uint32_t set_value) {
 394              	 .loc 1 106 0
 395              	 .cfi_startproc
 396              	 
 397              	 
 398              	.LVL30:
 399 0000 38B5     	 push {r3,r4,r5,lr}
 400              	.LCFI7:
 401              	 .cfi_def_cfa_offset 16
 402              	 .cfi_offset 14,-4
 403              	 .cfi_offset 5,-8
 404              	 .cfi_offset 4,-12
 405              	 .cfi_offset 3,-16
 406 0002 0546     	 mov r5,r0
 407 0004 0C46     	 mov r4,r1
 107:src/MightyBoard/shared/Eeprom.cc **** 	setEeprom16(location, (uint16_t)(set_value&0xffff));
 408              	 .loc 1 107 0
 409 0006 89B2     	 uxth r1,r1
 410              	.LVL31:
 411 0008 FFF7FEFF 	 bl _ZN6eeprom11setEeprom16Ett
 412              	.LVL32:
 108:src/MightyBoard/shared/Eeprom.cc **** 	setEeprom16(location+2, (uint16_t)(set_value>>16));
 413              	 .loc 1 108 0
 414 000c 05F10200 	 add r0,r5,#2
 415 0010 80B2     	 uxth r0,r0
 416 0012 4FEA1441 	 lsr r1,r4,#16
 417 0016 FFF7FEFF 	 bl _ZN6eeprom11setEeprom16Ett
 109:src/MightyBoard/shared/Eeprom.cc **** }
 418              	 .loc 1 109 0
 419 001a 38BD     	 pop {r3,r4,r5,pc}
 420              	 .cfi_endproc
 421              	.LFE63:
 423              	 .global __aeabi_ui2f
 424              	 .section .text._ZN6eeprom16getEepromFixed32Etf,"ax",%progbits
 425              	 .align 2
 426              	 .global _ZN6eeprom16getEepromFixed32Etf
 427              	 .thumb
 428              	 .thumb_func
 430              	_ZN6eeprom16getEepromFixed32Etf:
 431              	.LFB64:
 110:src/MightyBoard/shared/Eeprom.cc **** 
 111:src/MightyBoard/shared/Eeprom.cc **** float getEepromFixed32(const uint16_t location, const float default_value) {
 432              	 .loc 1 111 0
 433              	 .cfi_startproc
 434              	 
 435              	 
 436              	.LVL33:
 437 0000 70B5     	 push {r4,r5,r6,lr}
 438              	.LCFI8:
 439              	 .cfi_def_cfa_offset 16
 440              	 .cfi_offset 14,-4
 441              	 .cfi_offset 6,-8
 442              	 .cfi_offset 5,-12
 443              	 .cfi_offset 4,-16
 444 0002 0546     	 mov r5,r0
 445 0004 0E46     	 mov r6,r1
 446              	.LBB7:
 112:src/MightyBoard/shared/Eeprom.cc **** 	uint32_t data =	getEeprom16(location, 0);
 447              	 .loc 1 112 0
 448 0006 4FF00001 	 mov r1,#0
 449              	.LVL34:
 450 000a FFF7FEFF 	 bl _ZN6eeprom11getEeprom16Ett
 451              	.LVL35:
 452 000e 0446     	 mov r4,r0
 453              	.LVL36:
 113:src/MightyBoard/shared/Eeprom.cc **** 	data |= getEeprom16(location+2, 0)<<16;
 454              	 .loc 1 113 0
 455 0010 05F10200 	 add r0,r5,#2
 456              	.LVL37:
 457 0014 80B2     	 uxth r0,r0
 458 0016 4FF00001 	 mov r1,#0
 459 001a FFF7FEFF 	 bl _ZN6eeprom11getEeprom16Ett
 460 001e 44EA0040 	 orr r0,r4,r0,lsl#16
 461              	.LVL38:
 114:src/MightyBoard/shared/Eeprom.cc **** 
 115:src/MightyBoard/shared/Eeprom.cc **** //	int32_t data = *(uint32_t*)(EEPROM_START_ADDRESS, location);
 116:src/MightyBoard/shared/Eeprom.cc **** //        int32_t data = getEeprom32(location, 0xffffffff);
 117:src/MightyBoard/shared/Eeprom.cc ****         if (data == 0xffffffff) return default_value;
 462              	 .loc 1 117 0
 463 0022 B0F1FF3F 	 cmp r0,#-1
 464 0026 02D0     	 beq .L21
 118:src/MightyBoard/shared/Eeprom.cc **** //    	xprintf("getEepromFixed32" " (%s:%d)\n",_F_,_L_);
 119:src/MightyBoard/shared/Eeprom.cc **** //    	xprintf("%x" " (%s:%d)\n",data,_F_,_L_);
 120:src/MightyBoard/shared/Eeprom.cc **** //        return ((float)data)/65536.0;
 121:src/MightyBoard/shared/Eeprom.cc ****      return (float)data;
 465              	 .loc 1 121 0
 466 0028 FFF7FEFF 	 bl __aeabi_ui2f
 467              	.LVL39:
 468 002c 70BD     	 pop {r4,r5,r6,pc}
 469              	.LVL40:
 470              	.L21:
 117:src/MightyBoard/shared/Eeprom.cc ****         if (data == 0xffffffff) return default_value;
 471              	 .loc 1 117 0
 472 002e 3046     	 mov r0,r6
 473              	.LVL41:
 474              	.LBE7:
 122:src/MightyBoard/shared/Eeprom.cc **** }
 475              	 .loc 1 122 0
 476 0030 70BD     	 pop {r4,r5,r6,pc}
 477              	 .cfi_endproc
 478              	.LFE64:
 480              	 .global __aeabi_f2uiz
 481 0032 00BF     	 .section .text._ZN6eeprom16setEepromFixed32Etf,"ax",%progbits
 482              	 .align 2
 483              	 .global _ZN6eeprom16setEepromFixed32Etf
 484              	 .thumb
 485              	 .thumb_func
 487              	_ZN6eeprom16setEepromFixed32Etf:
 488              	.LFB65:
 123:src/MightyBoard/shared/Eeprom.cc **** 
 124:src/MightyBoard/shared/Eeprom.cc **** void setEepromFixed32(const uint16_t location, const float set_value) {
 489              	 .loc 1 124 0
 490              	 .cfi_startproc
 491              	 
 492              	 
 493              	.LVL42:
 494 0000 10B5     	 push {r4,lr}
 495              	.LCFI9:
 496              	 .cfi_def_cfa_offset 8
 497              	 .cfi_offset 14,-4
 498              	 .cfi_offset 4,-8
 499 0002 0446     	 mov r4,r0
 125:src/MightyBoard/shared/Eeprom.cc **** 	setEeprom16(location, (uint16_t)set_value&0xffff);
 500              	 .loc 1 125 0
 501 0004 0846     	 mov r0,r1
 502              	.LVL43:
 503 0006 FFF7FEFF 	 bl __aeabi_f2uiz
 504              	.LVL44:
 505 000a 81B2     	 uxth r1,r0
 506 000c 2046     	 mov r0,r4
 507 000e FFF7FEFF 	 bl _ZN6eeprom11setEeprom16Ett
 126:src/MightyBoard/shared/Eeprom.cc **** 	setEeprom16(location+2, (uint16_t)set_value>>16);
 508              	 .loc 1 126 0
 509 0012 04F10200 	 add r0,r4,#2
 510 0016 80B2     	 uxth r0,r0
 511 0018 4FF00001 	 mov r1,#0
 512 001c FFF7FEFF 	 bl _ZN6eeprom11setEeprom16Ett
 127:src/MightyBoard/shared/Eeprom.cc **** }
 513              	 .loc 1 127 0
 514 0020 10BD     	 pop {r4,pc}
 515              	 .cfi_endproc
 516              	.LFE65:
 518 0022 00BF     	 .section .text._ZN6eeprom16getEepromFixed16Etf,"ax",%progbits
 519              	 .align 2
 520              	 .global _ZN6eeprom16getEepromFixed16Etf
 521              	 .thumb
 522              	 .thumb_func
 524              	_ZN6eeprom16getEepromFixed16Etf:
 525              	.LFB66:
 128:src/MightyBoard/shared/Eeprom.cc **** 
 129:src/MightyBoard/shared/Eeprom.cc **** /// Fetch a fixed 16 value from eeprom
 130:src/MightyBoard/shared/Eeprom.cc **** float getEepromFixed16(const uint16_t location, const float default_value) {
 526              	 .loc 1 130 0
 527              	 .cfi_startproc
 528              	 
 529              	 
 530              	.LVL45:
 531 0000 08B5     	 push {r3,lr}
 532              	.LCFI10:
 533              	 .cfi_def_cfa_offset 8
 534              	 .cfi_offset 14,-4
 535              	 .cfi_offset 3,-8
 536              	.LBB8:
 131:src/MightyBoard/shared/Eeprom.cc **** //        uint8_t data[2];
 132:src/MightyBoard/shared/Eeprom.cc **** 		uint16_t data = (uint8_t)eeprom_address(EEPROM_START_ADDRESS, location);
 537              	 .loc 1 132 0
 538 0002 00F18063 	 add r3,r0,#67108864
 539 0006 03F5E053 	 add r3,r3,#7168
 540 000a 4FEA8303 	 lsl r3,r3,#2
 541 000e 1868     	 ldr r0,[r3,#0]
 542              	.LVL46:
 543 0010 C0B2     	 uxtb r0,r0
 133:src/MightyBoard/shared/Eeprom.cc **** //        data[0] = (uint8_t)eeprom_address(EEPROM_START_ADDRESS, location);
 134:src/MightyBoard/shared/Eeprom.cc **** //        data[1] = (uint8_t)eeprom_address(EEPROM_START_ADDRESS, location + 1);
 135:src/MightyBoard/shared/Eeprom.cc **** //        eeprom_read_block(data,(const uint8_t*)location,2);
 136:src/MightyBoard/shared/Eeprom.cc **** //    	xprintf("getEepromFixed16" " (%s:%d)\n",_F_,_L_);
 137:src/MightyBoard/shared/Eeprom.cc **** //    	xprintf("%x" " (%s:%d)\n",data[0],_F_,_L_);
 138:src/MightyBoard/shared/Eeprom.cc **** //    	xprintf("%x" " (%s:%d)\n",data[1],_F_,_L_);
 139:src/MightyBoard/shared/Eeprom.cc ****         if (data == 0xffff) return default_value;
 140:src/MightyBoard/shared/Eeprom.cc ****         return ((float)data);
 544              	 .loc 1 140 0
 545 0012 FFF7FEFF 	 bl __aeabi_ui2f
 546              	.LVL47:
 547              	.LBE8:
 141:src/MightyBoard/shared/Eeprom.cc **** //        if (data[0] == 0xff && data[1] == 0xff) return default_value;
 142:src/MightyBoard/shared/Eeprom.cc **** //        return ((float)data[0]) + ((float)data[1])/256.0;
 143:src/MightyBoard/shared/Eeprom.cc **** }
 548              	 .loc 1 143 0
 549 0016 08BD     	 pop {r3,pc}
 550              	 .cfi_endproc
 551              	.LFE66:
 553              	 .global _ZN6eeprom13flash_updatedE
 554              	 .section .bss._ZN6eeprom13flash_updatedE,"aw",%nobits
 555              	 .set .LANCHOR0,.+0
 558              	_ZN6eeprom13flash_updatedE:
 559 0000 00       	 .space 1
 560              	 .section .rodata.str1.4,"aMS",%progbits,1
 561              	 .align 2
 562              	.LC0:
 563 0000 53746172 	 .ascii "Start Address:%x Hex written:0x%x char written:%c\012"
 563      74204164 
 563      64726573 
 563      733A2578 
 563      20486578 
 564 0032 00       	 .ascii "\000"
 565 0033 00       	 .text
 566              	.Letext0:
 567              	 .file 2 "c:\\program files\\codesourcery\\sourcery_codebench_lite_for_arm_eabi\\bin\\../lib/gcc/arm-none-eabi/4.6.3/../../../../arm-none-eabi/include/stdint.h"
 568              	 .file 3 "src/MightyBoard/Motherboard/EepromMap.hh"
 569              	 .file 4 "src/MightyBoard/shared/Eeprom.hh"
 570              	 .file 5 "src/MightyBoard/Motherboard/system/core_cm3.h"
 571              	 .file 6 "src/MightyBoard/Motherboard/Version.hh"
DEFINED SYMBOLS
                            *ABS*:00000000 Eeprom.cc
    {standard input}:19     .text._ZN6eeprom14getflashupdateEv:00000000 $t
    {standard input}:24     .text._ZN6eeprom14getflashupdateEv:00000000 _ZN6eeprom14getflashupdateEv
    {standard input}:555    .bss._ZN6eeprom13flash_updatedE:00000000 .LANCHOR0
    {standard input}:42     .text._ZN6eeprom16clearflashupdateEv:00000000 $t
    {standard input}:47     .text._ZN6eeprom16clearflashupdateEv:00000000 _ZN6eeprom16clearflashupdateEv
    {standard input}:65     .text._ZN6eeprom10getEeprom8Eth:00000000 $t
    {standard input}:70     .text._ZN6eeprom10getEeprom8Eth:00000000 _ZN6eeprom10getEeprom8Eth
    {standard input}:562    .rodata.str1.4:00000000 .LC0
    {standard input}:122    .text._ZN6eeprom10setEeprom8Eth:00000000 $t
    {standard input}:127    .text._ZN6eeprom10setEeprom8Eth:00000000 _ZN6eeprom10setEeprom8Eth
    {standard input}:176    .text._ZN6eeprom4initEv:00000000 $t
    {standard input}:181    .text._ZN6eeprom4initEv:00000000 _ZN6eeprom4initEv
    {standard input}:250    .text._ZN6eeprom11getEeprom16Ett:00000000 $t
    {standard input}:255    .text._ZN6eeprom11getEeprom16Ett:00000000 _ZN6eeprom11getEeprom16Ett
    {standard input}:302    .text._ZN6eeprom11setEeprom16Ett:00000000 $t
    {standard input}:307    .text._ZN6eeprom11setEeprom16Ett:00000000 _ZN6eeprom11setEeprom16Ett
    {standard input}:339    .text._ZN6eeprom11getEeprom32Etm:00000000 $t
    {standard input}:344    .text._ZN6eeprom11getEeprom32Etm:00000000 _ZN6eeprom11getEeprom32Etm
    {standard input}:387    .text._ZN6eeprom11setEeprom32Etm:00000000 $t
    {standard input}:392    .text._ZN6eeprom11setEeprom32Etm:00000000 _ZN6eeprom11setEeprom32Etm
    {standard input}:425    .text._ZN6eeprom16getEepromFixed32Etf:00000000 $t
    {standard input}:430    .text._ZN6eeprom16getEepromFixed32Etf:00000000 _ZN6eeprom16getEepromFixed32Etf
    {standard input}:482    .text._ZN6eeprom16setEepromFixed32Etf:00000000 $t
    {standard input}:487    .text._ZN6eeprom16setEepromFixed32Etf:00000000 _ZN6eeprom16setEepromFixed32Etf
    {standard input}:519    .text._ZN6eeprom16getEepromFixed16Etf:00000000 $t
    {standard input}:524    .text._ZN6eeprom16getEepromFixed16Etf:00000000 _ZN6eeprom16getEepromFixed16Etf
    {standard input}:558    .bss._ZN6eeprom13flash_updatedE:00000000 _ZN6eeprom13flash_updatedE
    {standard input}:559    .bss._ZN6eeprom13flash_updatedE:00000000 $d
    {standard input}:561    .rodata.str1.4:00000000 $d
                     .debug_frame:00000010 $d

UNDEFINED SYMBOLS
xprintf
_ZN6eeprom19read_all_from_flashEv
_ZN6eeprom15fullResetEEPROMEv
_ZN6eeprom27setDefaultAxisHomePositionsEv
__aeabi_ui2f
__aeabi_f2uiz
